[2015-08-31 15:50:35] testing.ERROR: exception 'RuntimeException' with message 'No supported encrypter found. The cipher and / or key length are invalid.' in /code/webroot/vendor/laravel/framework/src/Illuminate/Encryption/EncryptionServiceProvider.php:29
Stack trace:
#0 /code/webroot/vendor/laravel/framework/src/Illuminate/Container/Container.php(733): Illuminate\Encryption\EncryptionServiceProvider->Illuminate\Encryption\{closure}(Object(Illuminate\Foundation\Application), Array)
#1 /code/webroot/vendor/laravel/framework/src/Illuminate/Container/Container.php(626): Illuminate\Container\Container->build(Object(Closure), Array)
#2 /code/webroot/vendor/laravel/framework/src/Illuminate/Foundation/Application.php(674): Illuminate\Container\Container->make('encrypter', Array)
#3 /code/webroot/vendor/laravel/framework/src/Illuminate/Container/Container.php(837): Illuminate\Foundation\Application->make('Illuminate\\Cont...')
#4 /code/webroot/vendor/laravel/framework/src/Illuminate/Container/Container.php(800): Illuminate\Container\Container->resolveClass(Object(ReflectionParameter))
#5 /code/webroot/vendor/laravel/framework/src/Illuminate/Container/Container.php(771): Illuminate\Container\Container->getDependencies(Array, Array)
#6 /code/webroot/vendor/laravel/framework/src/Illuminate/Container/Container.php(626): Illuminate\Container\Container->build('App\\Http\\Middle...', Array)
#7 /code/webroot/vendor/laravel/framework/src/Illuminate/Foundation/Application.php(674): Illuminate\Container\Container->make('App\\Http\\Middle...', Array)
#8 /code/webroot/vendor/laravel/framework/src/Illuminate/Pipeline/Pipeline.php(123): Illuminate\Foundation\Application->make('App\\Http\\Middle...')
#9 /code/webroot/vendor/laravel/framework/src/Illuminate/Foundation/Http/Middleware/CheckForMaintenanceMode.php(42): Illuminate\Pipeline\Pipeline->Illuminate\Pipeline\{closure}(Object(Illuminate\Http\Request))
#10 [internal function]: Illuminate\Foundation\Http\Middleware\CheckForMaintenanceMode->handle(Object(Illuminate\Http\Request), Object(Closure))
#11 /code/webroot/vendor/laravel/framework/src/Illuminate/Pipeline/Pipeline.php(124): call_user_func_array(Array, Array)
#12 [internal function]: Illuminate\Pipeline\Pipeline->Illuminate\Pipeline\{closure}(Object(Illuminate\Http\Request))
#13 /code/webroot/vendor/laravel/framework/src/Illuminate/Pipeline/Pipeline.php(103): call_user_func(Object(Closure), Object(Illuminate\Http\Request))
#14 /code/webroot/vendor/laravel/framework/src/Illuminate/Foundation/Http/Kernel.php(122): Illuminate\Pipeline\Pipeline->then(Object(Closure))
#15 /code/webroot/vendor/laravel/framework/src/Illuminate/Foundation/Http/Kernel.php(87): Illuminate\Foundation\Http\Kernel->sendRequestThroughRouter(Object(Illuminate\Http\Request))
#16 /code/webroot/vendor/laravel/framework/src/Illuminate/Foundation/Testing/CrawlerTrait.php(777): Illuminate\Foundation\Http\Kernel->handle(Object(Illuminate\Http\Request))
#17 /code/webroot/vendor/laravel/framework/src/Illuminate/Foundation/Testing/CrawlerTrait.php(175): Illuminate\Foundation\Testing\TestCase->call('GET', 'http://localhos...', Array, Array, Array)
#18 /code/webroot/vendor/laravel/framework/src/Illuminate/Foundation/Testing/CrawlerTrait.php(59): Illuminate\Foundation\Testing\TestCase->makeRequest('GET', '/')
#19 /code/webroot/tests/ExampleTest.php(16): Illuminate\Foundation\Testing\TestCase->visit('/')
#20 [internal function]: ExampleTest->testBasicExample()
#21 phar:///usr/local/bin/phpunit/phpunit/Framework/TestCase.php(866): ReflectionMethod->invokeArgs(Object(ExampleTest), Array)
#22 phar:///usr/local/bin/phpunit/phpunit/Framework/TestCase.php(743): PHPUnit_Framework_TestCase->runTest()
#23 phar:///usr/local/bin/phpunit/phpunit/Framework/TestResult.php(609): PHPUnit_Framework_TestCase->runBare()
#24 phar:///usr/local/bin/phpunit/phpunit/Framework/TestCase.php(699): PHPUnit_Framework_TestResult->run(Object(ExampleTest))
#25 phar:///usr/local/bin/phpunit/phpunit/Framework/TestSuite.php(722): PHPUnit_Framework_TestCase->run(Object(PHPUnit_Framework_TestResult))
#26 phar:///usr/local/bin/phpunit/phpunit/Framework/TestSuite.php(722): PHPUnit_Framework_TestSuite->run(Object(PHPUnit_Framework_TestResult))
#27 phar:///usr/local/bin/phpunit/phpunit/TextUI/TestRunner.php(406): PHPUnit_Framework_TestSuite->run(Object(PHPUnit_Framework_TestResult))
#28 phar:///usr/local/bin/phpunit/phpunit/TextUI/Command.php(153): PHPUnit_TextUI_TestRunner->doRun(Object(PHPUnit_Framework_TestSuite), Array)
#29 phar:///usr/local/bin/phpunit/phpunit/TextUI/Command.php(105): PHPUnit_TextUI_Command->run(Array, true)
#30 /usr/local/bin/phpunit(537): PHPUnit_TextUI_Command::main()
#31 {main}  
[2015-08-31 16:00:23] testing.ERROR: exception 'RuntimeException' with message 'No supported encrypter found. The cipher and / or key length are invalid.' in /code/webroot/vendor/laravel/framework/src/Illuminate/Encryption/EncryptionServiceProvider.php:29
Stack trace:
#0 /code/webroot/vendor/laravel/framework/src/Illuminate/Container/Container.php(733): Illuminate\Encryption\EncryptionServiceProvider->Illuminate\Encryption\{closure}(Object(Illuminate\Foundation\Application), Array)
#1 /code/webroot/vendor/laravel/framework/src/Illuminate/Container/Container.php(626): Illuminate\Container\Container->build(Object(Closure), Array)
#2 /code/webroot/vendor/laravel/framework/src/Illuminate/Foundation/Application.php(674): Illuminate\Container\Container->make('encrypter', Array)
#3 /code/webroot/vendor/laravel/framework/src/Illuminate/Container/Container.php(837): Illuminate\Foundation\Application->make('Illuminate\\Cont...')
#4 /code/webroot/vendor/laravel/framework/src/Illuminate/Container/Container.php(800): Illuminate\Container\Container->resolveClass(Object(ReflectionParameter))
#5 /code/webroot/vendor/laravel/framework/src/Illuminate/Container/Container.php(771): Illuminate\Container\Container->getDependencies(Array, Array)
#6 /code/webroot/vendor/laravel/framework/src/Illuminate/Container/Container.php(626): Illuminate\Container\Container->build('App\\Http\\Middle...', Array)
#7 /code/webroot/vendor/laravel/framework/src/Illuminate/Foundation/Application.php(674): Illuminate\Container\Container->make('App\\Http\\Middle...', Array)
#8 /code/webroot/vendor/laravel/framework/src/Illuminate/Pipeline/Pipeline.php(123): Illuminate\Foundation\Application->make('App\\Http\\Middle...')
#9 /code/webroot/vendor/laravel/framework/src/Illuminate/Foundation/Http/Middleware/CheckForMaintenanceMode.php(42): Illuminate\Pipeline\Pipeline->Illuminate\Pipeline\{closure}(Object(Illuminate\Http\Request))
#10 [internal function]: Illuminate\Foundation\Http\Middleware\CheckForMaintenanceMode->handle(Object(Illuminate\Http\Request), Object(Closure))
#11 /code/webroot/vendor/laravel/framework/src/Illuminate/Pipeline/Pipeline.php(124): call_user_func_array(Array, Array)
#12 [internal function]: Illuminate\Pipeline\Pipeline->Illuminate\Pipeline\{closure}(Object(Illuminate\Http\Request))
#13 /code/webroot/vendor/laravel/framework/src/Illuminate/Pipeline/Pipeline.php(103): call_user_func(Object(Closure), Object(Illuminate\Http\Request))
#14 /code/webroot/vendor/laravel/framework/src/Illuminate/Foundation/Http/Kernel.php(122): Illuminate\Pipeline\Pipeline->then(Object(Closure))
#15 /code/webroot/vendor/laravel/framework/src/Illuminate/Foundation/Http/Kernel.php(87): Illuminate\Foundation\Http\Kernel->sendRequestThroughRouter(Object(Illuminate\Http\Request))
#16 /code/webroot/vendor/laravel/framework/src/Illuminate/Foundation/Testing/CrawlerTrait.php(777): Illuminate\Foundation\Http\Kernel->handle(Object(Illuminate\Http\Request))
#17 /code/webroot/vendor/laravel/framework/src/Illuminate/Foundation/Testing/CrawlerTrait.php(175): Illuminate\Foundation\Testing\TestCase->call('GET', 'http://localhos...', Array, Array, Array)
#18 /code/webroot/vendor/laravel/framework/src/Illuminate/Foundation/Testing/CrawlerTrait.php(59): Illuminate\Foundation\Testing\TestCase->makeRequest('GET', '/')
#19 /code/webroot/tests/ExampleTest.php(16): Illuminate\Foundation\Testing\TestCase->visit('/')
#20 [internal function]: ExampleTest->testBasicExample()
#21 phar:///usr/local/bin/phpunit/phpunit/Framework/TestCase.php(866): ReflectionMethod->invokeArgs(Object(ExampleTest), Array)
#22 phar:///usr/local/bin/phpunit/phpunit/Framework/TestCase.php(743): PHPUnit_Framework_TestCase->runTest()
#23 phar:///usr/local/bin/phpunit/phpunit/Framework/TestResult.php(609): PHPUnit_Framework_TestCase->runBare()
#24 phar:///usr/local/bin/phpunit/phpunit/Framework/TestCase.php(699): PHPUnit_Framework_TestResult->run(Object(ExampleTest))
#25 phar:///usr/local/bin/phpunit/phpunit/Framework/TestSuite.php(722): PHPUnit_Framework_TestCase->run(Object(PHPUnit_Framework_TestResult))
#26 phar:///usr/local/bin/phpunit/phpunit/Framework/TestSuite.php(722): PHPUnit_Framework_TestSuite->run(Object(PHPUnit_Framework_TestResult))
#27 phar:///usr/local/bin/phpunit/phpunit/TextUI/TestRunner.php(406): PHPUnit_Framework_TestSuite->run(Object(PHPUnit_Framework_TestResult))
#28 phar:///usr/local/bin/phpunit/phpunit/TextUI/Command.php(153): PHPUnit_TextUI_TestRunner->doRun(Object(PHPUnit_Framework_TestSuite), Array)
#29 phar:///usr/local/bin/phpunit/phpunit/TextUI/Command.php(105): PHPUnit_TextUI_Command->run(Array, true)
#30 /usr/local/bin/phpunit(537): PHPUnit_TextUI_Command::main()
#31 {main}  
[2015-08-31 16:12:21] testing.ERROR: exception 'RuntimeException' with message 'No supported encrypter found. The cipher and / or key length are invalid.' in /code/webroot/vendor/laravel/framework/src/Illuminate/Encryption/EncryptionServiceProvider.php:29
Stack trace:
#0 /code/webroot/vendor/laravel/framework/src/Illuminate/Container/Container.php(733): Illuminate\Encryption\EncryptionServiceProvider->Illuminate\Encryption\{closure}(Object(Illuminate\Foundation\Application), Array)
#1 /code/webroot/vendor/laravel/framework/src/Illuminate/Container/Container.php(626): Illuminate\Container\Container->build(Object(Closure), Array)
#2 /code/webroot/vendor/laravel/framework/src/Illuminate/Foundation/Application.php(674): Illuminate\Container\Container->make('encrypter', Array)
#3 /code/webroot/vendor/laravel/framework/src/Illuminate/Container/Container.php(837): Illuminate\Foundation\Application->make('Illuminate\\Cont...')
#4 /code/webroot/vendor/laravel/framework/src/Illuminate/Container/Container.php(800): Illuminate\Container\Container->resolveClass(Object(ReflectionParameter))
#5 /code/webroot/vendor/laravel/framework/src/Illuminate/Container/Container.php(771): Illuminate\Container\Container->getDependencies(Array, Array)
#6 /code/webroot/vendor/laravel/framework/src/Illuminate/Container/Container.php(626): Illuminate\Container\Container->build('App\\Http\\Middle...', Array)
#7 /code/webroot/vendor/laravel/framework/src/Illuminate/Foundation/Application.php(674): Illuminate\Container\Container->make('App\\Http\\Middle...', Array)
#8 /code/webroot/vendor/laravel/framework/src/Illuminate/Pipeline/Pipeline.php(123): Illuminate\Foundation\Application->make('App\\Http\\Middle...')
#9 /code/webroot/vendor/laravel/framework/src/Illuminate/Foundation/Http/Middleware/CheckForMaintenanceMode.php(42): Illuminate\Pipeline\Pipeline->Illuminate\Pipeline\{closure}(Object(Illuminate\Http\Request))
#10 [internal function]: Illuminate\Foundation\Http\Middleware\CheckForMaintenanceMode->handle(Object(Illuminate\Http\Request), Object(Closure))
#11 /code/webroot/vendor/laravel/framework/src/Illuminate/Pipeline/Pipeline.php(124): call_user_func_array(Array, Array)
#12 [internal function]: Illuminate\Pipeline\Pipeline->Illuminate\Pipeline\{closure}(Object(Illuminate\Http\Request))
#13 /code/webroot/vendor/laravel/framework/src/Illuminate/Pipeline/Pipeline.php(103): call_user_func(Object(Closure), Object(Illuminate\Http\Request))
#14 /code/webroot/vendor/laravel/framework/src/Illuminate/Foundation/Http/Kernel.php(122): Illuminate\Pipeline\Pipeline->then(Object(Closure))
#15 /code/webroot/vendor/laravel/framework/src/Illuminate/Foundation/Http/Kernel.php(87): Illuminate\Foundation\Http\Kernel->sendRequestThroughRouter(Object(Illuminate\Http\Request))
#16 /code/webroot/vendor/laravel/framework/src/Illuminate/Foundation/Testing/CrawlerTrait.php(777): Illuminate\Foundation\Http\Kernel->handle(Object(Illuminate\Http\Request))
#17 /code/webroot/vendor/laravel/framework/src/Illuminate/Foundation/Testing/CrawlerTrait.php(175): Illuminate\Foundation\Testing\TestCase->call('GET', 'http://localhos...', Array, Array, Array)
#18 /code/webroot/vendor/laravel/framework/src/Illuminate/Foundation/Testing/CrawlerTrait.php(59): Illuminate\Foundation\Testing\TestCase->makeRequest('GET', '/')
#19 /code/webroot/tests/ExampleTest.php(16): Illuminate\Foundation\Testing\TestCase->visit('/')
#20 [internal function]: ExampleTest->testBasicExample()
#21 phar:///usr/local/bin/phpunit/phpunit/Framework/TestCase.php(866): ReflectionMethod->invokeArgs(Object(ExampleTest), Array)
#22 phar:///usr/local/bin/phpunit/phpunit/Framework/TestCase.php(743): PHPUnit_Framework_TestCase->runTest()
#23 phar:///usr/local/bin/phpunit/phpunit/Framework/TestResult.php(609): PHPUnit_Framework_TestCase->runBare()
#24 phar:///usr/local/bin/phpunit/phpunit/Framework/TestCase.php(699): PHPUnit_Framework_TestResult->run(Object(ExampleTest))
#25 phar:///usr/local/bin/phpunit/phpunit/Framework/TestSuite.php(722): PHPUnit_Framework_TestCase->run(Object(PHPUnit_Framework_TestResult))
#26 phar:///usr/local/bin/phpunit/phpunit/Framework/TestSuite.php(722): PHPUnit_Framework_TestSuite->run(Object(PHPUnit_Framework_TestResult))
#27 phar:///usr/local/bin/phpunit/phpunit/TextUI/TestRunner.php(406): PHPUnit_Framework_TestSuite->run(Object(PHPUnit_Framework_TestResult))
#28 phar:///usr/local/bin/phpunit/phpunit/TextUI/Command.php(153): PHPUnit_TextUI_TestRunner->doRun(Object(PHPUnit_Framework_TestSuite), Array)
#29 phar:///usr/local/bin/phpunit/phpunit/TextUI/Command.php(105): PHPUnit_TextUI_Command->run(Array, true)
#30 /usr/local/bin/phpunit(537): PHPUnit_TextUI_Command::main()
#31 {main}  
[2015-09-01 00:55:53] testing.ERROR: exception 'RuntimeException' with message 'No supported encrypter found. The cipher and / or key length are invalid.' in /code/webroot/vendor/laravel/framework/src/Illuminate/Encryption/EncryptionServiceProvider.php:29
Stack trace:
#0 /code/webroot/vendor/laravel/framework/src/Illuminate/Container/Container.php(733): Illuminate\Encryption\EncryptionServiceProvider->Illuminate\Encryption\{closure}(Object(Illuminate\Foundation\Application), Array)
#1 /code/webroot/vendor/laravel/framework/src/Illuminate/Container/Container.php(626): Illuminate\Container\Container->build(Object(Closure), Array)
#2 /code/webroot/vendor/laravel/framework/src/Illuminate/Foundation/Application.php(674): Illuminate\Container\Container->make('encrypter', Array)
#3 /code/webroot/vendor/laravel/framework/src/Illuminate/Container/Container.php(837): Illuminate\Foundation\Application->make('Illuminate\\Cont...')
#4 /code/webroot/vendor/laravel/framework/src/Illuminate/Container/Container.php(800): Illuminate\Container\Container->resolveClass(Object(ReflectionParameter))
#5 /code/webroot/vendor/laravel/framework/src/Illuminate/Container/Container.php(771): Illuminate\Container\Container->getDependencies(Array, Array)
#6 /code/webroot/vendor/laravel/framework/src/Illuminate/Container/Container.php(626): Illuminate\Container\Container->build('App\\Http\\Middle...', Array)
#7 /code/webroot/vendor/laravel/framework/src/Illuminate/Foundation/Application.php(674): Illuminate\Container\Container->make('App\\Http\\Middle...', Array)
#8 /code/webroot/vendor/laravel/framework/src/Illuminate/Pipeline/Pipeline.php(123): Illuminate\Foundation\Application->make('App\\Http\\Middle...')
#9 /code/webroot/vendor/laravel/framework/src/Illuminate/Foundation/Http/Middleware/CheckForMaintenanceMode.php(42): Illuminate\Pipeline\Pipeline->Illuminate\Pipeline\{closure}(Object(Illuminate\Http\Request))
#10 [internal function]: Illuminate\Foundation\Http\Middleware\CheckForMaintenanceMode->handle(Object(Illuminate\Http\Request), Object(Closure))
#11 /code/webroot/vendor/laravel/framework/src/Illuminate/Pipeline/Pipeline.php(124): call_user_func_array(Array, Array)
#12 [internal function]: Illuminate\Pipeline\Pipeline->Illuminate\Pipeline\{closure}(Object(Illuminate\Http\Request))
#13 /code/webroot/vendor/laravel/framework/src/Illuminate/Pipeline/Pipeline.php(103): call_user_func(Object(Closure), Object(Illuminate\Http\Request))
#14 /code/webroot/vendor/laravel/framework/src/Illuminate/Foundation/Http/Kernel.php(122): Illuminate\Pipeline\Pipeline->then(Object(Closure))
#15 /code/webroot/vendor/laravel/framework/src/Illuminate/Foundation/Http/Kernel.php(87): Illuminate\Foundation\Http\Kernel->sendRequestThroughRouter(Object(Illuminate\Http\Request))
#16 /code/webroot/vendor/laravel/framework/src/Illuminate/Foundation/Testing/CrawlerTrait.php(777): Illuminate\Foundation\Http\Kernel->handle(Object(Illuminate\Http\Request))
#17 /code/webroot/vendor/laravel/framework/src/Illuminate/Foundation/Testing/CrawlerTrait.php(175): Illuminate\Foundation\Testing\TestCase->call('GET', 'http://localhos...', Array, Array, Array)
#18 /code/webroot/vendor/laravel/framework/src/Illuminate/Foundation/Testing/CrawlerTrait.php(59): Illuminate\Foundation\Testing\TestCase->makeRequest('GET', '/')
#19 /code/webroot/tests/ExampleTest.php(16): Illuminate\Foundation\Testing\TestCase->visit('/')
#20 [internal function]: ExampleTest->testBasicExample()
#21 phar:///usr/local/bin/phpunit/phpunit/Framework/TestCase.php(866): ReflectionMethod->invokeArgs(Object(ExampleTest), Array)
#22 phar:///usr/local/bin/phpunit/phpunit/Framework/TestCase.php(743): PHPUnit_Framework_TestCase->runTest()
#23 phar:///usr/local/bin/phpunit/phpunit/Framework/TestResult.php(609): PHPUnit_Framework_TestCase->runBare()
#24 phar:///usr/local/bin/phpunit/phpunit/Framework/TestCase.php(699): PHPUnit_Framework_TestResult->run(Object(ExampleTest))
#25 phar:///usr/local/bin/phpunit/phpunit/Framework/TestSuite.php(722): PHPUnit_Framework_TestCase->run(Object(PHPUnit_Framework_TestResult))
#26 phar:///usr/local/bin/phpunit/phpunit/Framework/TestSuite.php(722): PHPUnit_Framework_TestSuite->run(Object(PHPUnit_Framework_TestResult))
#27 phar:///usr/local/bin/phpunit/phpunit/TextUI/TestRunner.php(406): PHPUnit_Framework_TestSuite->run(Object(PHPUnit_Framework_TestResult))
#28 phar:///usr/local/bin/phpunit/phpunit/TextUI/Command.php(153): PHPUnit_TextUI_TestRunner->doRun(Object(PHPUnit_Framework_TestSuite), Array)
#29 phar:///usr/local/bin/phpunit/phpunit/TextUI/Command.php(105): PHPUnit_TextUI_Command->run(Array, true)
#30 /usr/local/bin/phpunit(537): PHPUnit_TextUI_Command::main()
#31 {main}  
[2015-09-01 00:56:39] testing.ERROR: exception 'RuntimeException' with message 'No supported encrypter found. The cipher and / or key length are invalid.' in /code/webroot/vendor/laravel/framework/src/Illuminate/Encryption/EncryptionServiceProvider.php:29
Stack trace:
#0 /code/webroot/vendor/laravel/framework/src/Illuminate/Container/Container.php(733): Illuminate\Encryption\EncryptionServiceProvider->Illuminate\Encryption\{closure}(Object(Illuminate\Foundation\Application), Array)
#1 /code/webroot/vendor/laravel/framework/src/Illuminate/Container/Container.php(626): Illuminate\Container\Container->build(Object(Closure), Array)
#2 /code/webroot/vendor/laravel/framework/src/Illuminate/Foundation/Application.php(674): Illuminate\Container\Container->make('encrypter', Array)
#3 /code/webroot/vendor/laravel/framework/src/Illuminate/Container/Container.php(837): Illuminate\Foundation\Application->make('Illuminate\\Cont...')
#4 /code/webroot/vendor/laravel/framework/src/Illuminate/Container/Container.php(800): Illuminate\Container\Container->resolveClass(Object(ReflectionParameter))
#5 /code/webroot/vendor/laravel/framework/src/Illuminate/Container/Container.php(771): Illuminate\Container\Container->getDependencies(Array, Array)
#6 /code/webroot/vendor/laravel/framework/src/Illuminate/Container/Container.php(626): Illuminate\Container\Container->build('App\\Http\\Middle...', Array)
#7 /code/webroot/vendor/laravel/framework/src/Illuminate/Foundation/Application.php(674): Illuminate\Container\Container->make('App\\Http\\Middle...', Array)
#8 /code/webroot/vendor/laravel/framework/src/Illuminate/Pipeline/Pipeline.php(123): Illuminate\Foundation\Application->make('App\\Http\\Middle...')
#9 /code/webroot/vendor/laravel/framework/src/Illuminate/Foundation/Http/Middleware/CheckForMaintenanceMode.php(42): Illuminate\Pipeline\Pipeline->Illuminate\Pipeline\{closure}(Object(Illuminate\Http\Request))
#10 [internal function]: Illuminate\Foundation\Http\Middleware\CheckForMaintenanceMode->handle(Object(Illuminate\Http\Request), Object(Closure))
#11 /code/webroot/vendor/laravel/framework/src/Illuminate/Pipeline/Pipeline.php(124): call_user_func_array(Array, Array)
#12 [internal function]: Illuminate\Pipeline\Pipeline->Illuminate\Pipeline\{closure}(Object(Illuminate\Http\Request))
#13 /code/webroot/vendor/laravel/framework/src/Illuminate/Pipeline/Pipeline.php(103): call_user_func(Object(Closure), Object(Illuminate\Http\Request))
#14 /code/webroot/vendor/laravel/framework/src/Illuminate/Foundation/Http/Kernel.php(122): Illuminate\Pipeline\Pipeline->then(Object(Closure))
#15 /code/webroot/vendor/laravel/framework/src/Illuminate/Foundation/Http/Kernel.php(87): Illuminate\Foundation\Http\Kernel->sendRequestThroughRouter(Object(Illuminate\Http\Request))
#16 /code/webroot/vendor/laravel/framework/src/Illuminate/Foundation/Testing/CrawlerTrait.php(777): Illuminate\Foundation\Http\Kernel->handle(Object(Illuminate\Http\Request))
#17 /code/webroot/vendor/laravel/framework/src/Illuminate/Foundation/Testing/CrawlerTrait.php(175): Illuminate\Foundation\Testing\TestCase->call('GET', 'http://localhos...', Array, Array, Array)
#18 /code/webroot/vendor/laravel/framework/src/Illuminate/Foundation/Testing/CrawlerTrait.php(59): Illuminate\Foundation\Testing\TestCase->makeRequest('GET', '/')
#19 /code/webroot/tests/ExampleTest.php(16): Illuminate\Foundation\Testing\TestCase->visit('/')
#20 [internal function]: ExampleTest->testBasicExample()
#21 phar:///usr/local/bin/phpunit/phpunit/Framework/TestCase.php(866): ReflectionMethod->invokeArgs(Object(ExampleTest), Array)
#22 phar:///usr/local/bin/phpunit/phpunit/Framework/TestCase.php(743): PHPUnit_Framework_TestCase->runTest()
#23 phar:///usr/local/bin/phpunit/phpunit/Framework/TestResult.php(609): PHPUnit_Framework_TestCase->runBare()
#24 phar:///usr/local/bin/phpunit/phpunit/Framework/TestCase.php(699): PHPUnit_Framework_TestResult->run(Object(ExampleTest))
#25 phar:///usr/local/bin/phpunit/phpunit/Framework/TestSuite.php(722): PHPUnit_Framework_TestCase->run(Object(PHPUnit_Framework_TestResult))
#26 phar:///usr/local/bin/phpunit/phpunit/Framework/TestSuite.php(722): PHPUnit_Framework_TestSuite->run(Object(PHPUnit_Framework_TestResult))
#27 phar:///usr/local/bin/phpunit/phpunit/TextUI/TestRunner.php(406): PHPUnit_Framework_TestSuite->run(Object(PHPUnit_Framework_TestResult))
#28 phar:///usr/local/bin/phpunit/phpunit/TextUI/Command.php(153): PHPUnit_TextUI_TestRunner->doRun(Object(PHPUnit_Framework_TestSuite), Array)
#29 phar:///usr/local/bin/phpunit/phpunit/TextUI/Command.php(105): PHPUnit_TextUI_Command->run(Array, true)
#30 /usr/local/bin/phpunit(537): PHPUnit_TextUI_Command::main()
#31 {main}  
[2015-09-01 01:12:44] testing.ERROR: exception 'RuntimeException' with message 'No supported encrypter found. The cipher and / or key length are invalid.' in /code/webroot/vendor/laravel/framework/src/Illuminate/Encryption/EncryptionServiceProvider.php:29
Stack trace:
#0 /code/webroot/vendor/laravel/framework/src/Illuminate/Container/Container.php(733): Illuminate\Encryption\EncryptionServiceProvider->Illuminate\Encryption\{closure}(Object(Illuminate\Foundation\Application), Array)
#1 /code/webroot/vendor/laravel/framework/src/Illuminate/Container/Container.php(626): Illuminate\Container\Container->build(Object(Closure), Array)
#2 /code/webroot/vendor/laravel/framework/src/Illuminate/Foundation/Application.php(674): Illuminate\Container\Container->make('encrypter', Array)
#3 /code/webroot/vendor/laravel/framework/src/Illuminate/Container/Container.php(837): Illuminate\Foundation\Application->make('Illuminate\\Cont...')
#4 /code/webroot/vendor/laravel/framework/src/Illuminate/Container/Container.php(800): Illuminate\Container\Container->resolveClass(Object(ReflectionParameter))
#5 /code/webroot/vendor/laravel/framework/src/Illuminate/Container/Container.php(771): Illuminate\Container\Container->getDependencies(Array, Array)
#6 /code/webroot/vendor/laravel/framework/src/Illuminate/Container/Container.php(626): Illuminate\Container\Container->build('App\\Http\\Middle...', Array)
#7 /code/webroot/vendor/laravel/framework/src/Illuminate/Foundation/Application.php(674): Illuminate\Container\Container->make('App\\Http\\Middle...', Array)
#8 /code/webroot/vendor/laravel/framework/src/Illuminate/Pipeline/Pipeline.php(123): Illuminate\Foundation\Application->make('App\\Http\\Middle...')
#9 /code/webroot/vendor/laravel/framework/src/Illuminate/Foundation/Http/Middleware/CheckForMaintenanceMode.php(42): Illuminate\Pipeline\Pipeline->Illuminate\Pipeline\{closure}(Object(Illuminate\Http\Request))
#10 [internal function]: Illuminate\Foundation\Http\Middleware\CheckForMaintenanceMode->handle(Object(Illuminate\Http\Request), Object(Closure))
#11 /code/webroot/vendor/laravel/framework/src/Illuminate/Pipeline/Pipeline.php(124): call_user_func_array(Array, Array)
#12 [internal function]: Illuminate\Pipeline\Pipeline->Illuminate\Pipeline\{closure}(Object(Illuminate\Http\Request))
#13 /code/webroot/vendor/laravel/framework/src/Illuminate/Pipeline/Pipeline.php(103): call_user_func(Object(Closure), Object(Illuminate\Http\Request))
#14 /code/webroot/vendor/laravel/framework/src/Illuminate/Foundation/Http/Kernel.php(122): Illuminate\Pipeline\Pipeline->then(Object(Closure))
#15 /code/webroot/vendor/laravel/framework/src/Illuminate/Foundation/Http/Kernel.php(87): Illuminate\Foundation\Http\Kernel->sendRequestThroughRouter(Object(Illuminate\Http\Request))
#16 /code/webroot/vendor/laravel/framework/src/Illuminate/Foundation/Testing/CrawlerTrait.php(777): Illuminate\Foundation\Http\Kernel->handle(Object(Illuminate\Http\Request))
#17 /code/webroot/vendor/laravel/framework/src/Illuminate/Foundation/Testing/CrawlerTrait.php(175): Illuminate\Foundation\Testing\TestCase->call('GET', 'http://localhos...', Array, Array, Array)
#18 /code/webroot/vendor/laravel/framework/src/Illuminate/Foundation/Testing/CrawlerTrait.php(59): Illuminate\Foundation\Testing\TestCase->makeRequest('GET', '/')
#19 /code/webroot/tests/ExampleTest.php(16): Illuminate\Foundation\Testing\TestCase->visit('/')
#20 [internal function]: ExampleTest->testBasicExample()
#21 phar:///usr/local/bin/phpunit/phpunit/Framework/TestCase.php(866): ReflectionMethod->invokeArgs(Object(ExampleTest), Array)
#22 phar:///usr/local/bin/phpunit/phpunit/Framework/TestCase.php(743): PHPUnit_Framework_TestCase->runTest()
#23 phar:///usr/local/bin/phpunit/phpunit/Framework/TestResult.php(609): PHPUnit_Framework_TestCase->runBare()
#24 phar:///usr/local/bin/phpunit/phpunit/Framework/TestCase.php(699): PHPUnit_Framework_TestResult->run(Object(ExampleTest))
#25 phar:///usr/local/bin/phpunit/phpunit/Framework/TestSuite.php(722): PHPUnit_Framework_TestCase->run(Object(PHPUnit_Framework_TestResult))
#26 phar:///usr/local/bin/phpunit/phpunit/Framework/TestSuite.php(722): PHPUnit_Framework_TestSuite->run(Object(PHPUnit_Framework_TestResult))
#27 phar:///usr/local/bin/phpunit/phpunit/TextUI/TestRunner.php(406): PHPUnit_Framework_TestSuite->run(Object(PHPUnit_Framework_TestResult))
#28 phar:///usr/local/bin/phpunit/phpunit/TextUI/Command.php(153): PHPUnit_TextUI_TestRunner->doRun(Object(PHPUnit_Framework_TestSuite), Array)
#29 phar:///usr/local/bin/phpunit/phpunit/TextUI/Command.php(105): PHPUnit_TextUI_Command->run(Array, true)
#30 /usr/local/bin/phpunit(537): PHPUnit_TextUI_Command::main()
#31 {main}  
[2015-09-01 01:15:01] testing.ERROR: exception 'RuntimeException' with message 'No supported encrypter found. The cipher and / or key length are invalid.' in /code/webroot/vendor/laravel/framework/src/Illuminate/Encryption/EncryptionServiceProvider.php:29
Stack trace:
#0 /code/webroot/vendor/laravel/framework/src/Illuminate/Container/Container.php(733): Illuminate\Encryption\EncryptionServiceProvider->Illuminate\Encryption\{closure}(Object(Illuminate\Foundation\Application), Array)
#1 /code/webroot/vendor/laravel/framework/src/Illuminate/Container/Container.php(626): Illuminate\Container\Container->build(Object(Closure), Array)
#2 /code/webroot/vendor/laravel/framework/src/Illuminate/Foundation/Application.php(674): Illuminate\Container\Container->make('encrypter', Array)
#3 /code/webroot/vendor/laravel/framework/src/Illuminate/Container/Container.php(837): Illuminate\Foundation\Application->make('Illuminate\\Cont...')
#4 /code/webroot/vendor/laravel/framework/src/Illuminate/Container/Container.php(800): Illuminate\Container\Container->resolveClass(Object(ReflectionParameter))
#5 /code/webroot/vendor/laravel/framework/src/Illuminate/Container/Container.php(771): Illuminate\Container\Container->getDependencies(Array, Array)
#6 /code/webroot/vendor/laravel/framework/src/Illuminate/Container/Container.php(626): Illuminate\Container\Container->build('App\\Http\\Middle...', Array)
#7 /code/webroot/vendor/laravel/framework/src/Illuminate/Foundation/Application.php(674): Illuminate\Container\Container->make('App\\Http\\Middle...', Array)
#8 /code/webroot/vendor/laravel/framework/src/Illuminate/Pipeline/Pipeline.php(123): Illuminate\Foundation\Application->make('App\\Http\\Middle...')
#9 /code/webroot/vendor/laravel/framework/src/Illuminate/Foundation/Http/Middleware/CheckForMaintenanceMode.php(42): Illuminate\Pipeline\Pipeline->Illuminate\Pipeline\{closure}(Object(Illuminate\Http\Request))
#10 [internal function]: Illuminate\Foundation\Http\Middleware\CheckForMaintenanceMode->handle(Object(Illuminate\Http\Request), Object(Closure))
#11 /code/webroot/vendor/laravel/framework/src/Illuminate/Pipeline/Pipeline.php(124): call_user_func_array(Array, Array)
#12 [internal function]: Illuminate\Pipeline\Pipeline->Illuminate\Pipeline\{closure}(Object(Illuminate\Http\Request))
#13 /code/webroot/vendor/laravel/framework/src/Illuminate/Pipeline/Pipeline.php(103): call_user_func(Object(Closure), Object(Illuminate\Http\Request))
#14 /code/webroot/vendor/laravel/framework/src/Illuminate/Foundation/Http/Kernel.php(122): Illuminate\Pipeline\Pipeline->then(Object(Closure))
#15 /code/webroot/vendor/laravel/framework/src/Illuminate/Foundation/Http/Kernel.php(87): Illuminate\Foundation\Http\Kernel->sendRequestThroughRouter(Object(Illuminate\Http\Request))
#16 /code/webroot/vendor/laravel/framework/src/Illuminate/Foundation/Testing/CrawlerTrait.php(777): Illuminate\Foundation\Http\Kernel->handle(Object(Illuminate\Http\Request))
#17 /code/webroot/vendor/laravel/framework/src/Illuminate/Foundation/Testing/CrawlerTrait.php(175): Illuminate\Foundation\Testing\TestCase->call('GET', 'http://localhos...', Array, Array, Array)
#18 /code/webroot/vendor/laravel/framework/src/Illuminate/Foundation/Testing/CrawlerTrait.php(59): Illuminate\Foundation\Testing\TestCase->makeRequest('GET', '/')
#19 /code/webroot/tests/ExampleTest.php(16): Illuminate\Foundation\Testing\TestCase->visit('/')
#20 [internal function]: ExampleTest->testBasicExample()
#21 phar:///usr/local/bin/phpunit/phpunit/Framework/TestCase.php(866): ReflectionMethod->invokeArgs(Object(ExampleTest), Array)
#22 phar:///usr/local/bin/phpunit/phpunit/Framework/TestCase.php(743): PHPUnit_Framework_TestCase->runTest()
#23 phar:///usr/local/bin/phpunit/phpunit/Framework/TestResult.php(609): PHPUnit_Framework_TestCase->runBare()
#24 phar:///usr/local/bin/phpunit/phpunit/Framework/TestCase.php(699): PHPUnit_Framework_TestResult->run(Object(ExampleTest))
#25 phar:///usr/local/bin/phpunit/phpunit/Framework/TestSuite.php(722): PHPUnit_Framework_TestCase->run(Object(PHPUnit_Framework_TestResult))
#26 phar:///usr/local/bin/phpunit/phpunit/Framework/TestSuite.php(722): PHPUnit_Framework_TestSuite->run(Object(PHPUnit_Framework_TestResult))
#27 phar:///usr/local/bin/phpunit/phpunit/TextUI/TestRunner.php(406): PHPUnit_Framework_TestSuite->run(Object(PHPUnit_Framework_TestResult))
#28 phar:///usr/local/bin/phpunit/phpunit/TextUI/Command.php(153): PHPUnit_TextUI_TestRunner->doRun(Object(PHPUnit_Framework_TestSuite), Array)
#29 phar:///usr/local/bin/phpunit/phpunit/TextUI/Command.php(105): PHPUnit_TextUI_Command->run(Array, true)
#30 /usr/local/bin/phpunit(537): PHPUnit_TextUI_Command::main()
#31 {main}  
[2015-09-01 01:15:36] testing.ERROR: exception 'RuntimeException' with message 'No supported encrypter found. The cipher and / or key length are invalid.' in /code/webroot/vendor/laravel/framework/src/Illuminate/Encryption/EncryptionServiceProvider.php:29
Stack trace:
#0 /code/webroot/vendor/laravel/framework/src/Illuminate/Container/Container.php(733): Illuminate\Encryption\EncryptionServiceProvider->Illuminate\Encryption\{closure}(Object(Illuminate\Foundation\Application), Array)
#1 /code/webroot/vendor/laravel/framework/src/Illuminate/Container/Container.php(626): Illuminate\Container\Container->build(Object(Closure), Array)
#2 /code/webroot/vendor/laravel/framework/src/Illuminate/Foundation/Application.php(674): Illuminate\Container\Container->make('encrypter', Array)
#3 /code/webroot/vendor/laravel/framework/src/Illuminate/Container/Container.php(837): Illuminate\Foundation\Application->make('Illuminate\\Cont...')
#4 /code/webroot/vendor/laravel/framework/src/Illuminate/Container/Container.php(800): Illuminate\Container\Container->resolveClass(Object(ReflectionParameter))
#5 /code/webroot/vendor/laravel/framework/src/Illuminate/Container/Container.php(771): Illuminate\Container\Container->getDependencies(Array, Array)
#6 /code/webroot/vendor/laravel/framework/src/Illuminate/Container/Container.php(626): Illuminate\Container\Container->build('App\\Http\\Middle...', Array)
#7 /code/webroot/vendor/laravel/framework/src/Illuminate/Foundation/Application.php(674): Illuminate\Container\Container->make('App\\Http\\Middle...', Array)
#8 /code/webroot/vendor/laravel/framework/src/Illuminate/Pipeline/Pipeline.php(123): Illuminate\Foundation\Application->make('App\\Http\\Middle...')
#9 /code/webroot/vendor/laravel/framework/src/Illuminate/Foundation/Http/Middleware/CheckForMaintenanceMode.php(42): Illuminate\Pipeline\Pipeline->Illuminate\Pipeline\{closure}(Object(Illuminate\Http\Request))
#10 [internal function]: Illuminate\Foundation\Http\Middleware\CheckForMaintenanceMode->handle(Object(Illuminate\Http\Request), Object(Closure))
#11 /code/webroot/vendor/laravel/framework/src/Illuminate/Pipeline/Pipeline.php(124): call_user_func_array(Array, Array)
#12 [internal function]: Illuminate\Pipeline\Pipeline->Illuminate\Pipeline\{closure}(Object(Illuminate\Http\Request))
#13 /code/webroot/vendor/laravel/framework/src/Illuminate/Pipeline/Pipeline.php(103): call_user_func(Object(Closure), Object(Illuminate\Http\Request))
#14 /code/webroot/vendor/laravel/framework/src/Illuminate/Foundation/Http/Kernel.php(122): Illuminate\Pipeline\Pipeline->then(Object(Closure))
#15 /code/webroot/vendor/laravel/framework/src/Illuminate/Foundation/Http/Kernel.php(87): Illuminate\Foundation\Http\Kernel->sendRequestThroughRouter(Object(Illuminate\Http\Request))
#16 /code/webroot/vendor/laravel/framework/src/Illuminate/Foundation/Testing/CrawlerTrait.php(777): Illuminate\Foundation\Http\Kernel->handle(Object(Illuminate\Http\Request))
#17 /code/webroot/vendor/laravel/framework/src/Illuminate/Foundation/Testing/CrawlerTrait.php(175): Illuminate\Foundation\Testing\TestCase->call('GET', 'http://localhos...', Array, Array, Array)
#18 /code/webroot/vendor/laravel/framework/src/Illuminate/Foundation/Testing/CrawlerTrait.php(59): Illuminate\Foundation\Testing\TestCase->makeRequest('GET', '/')
#19 /code/webroot/tests/ExampleTest.php(16): Illuminate\Foundation\Testing\TestCase->visit('/')
#20 [internal function]: ExampleTest->testBasicExample()
#21 phar:///usr/local/bin/phpunit/phpunit/Framework/TestCase.php(866): ReflectionMethod->invokeArgs(Object(ExampleTest), Array)
#22 phar:///usr/local/bin/phpunit/phpunit/Framework/TestCase.php(743): PHPUnit_Framework_TestCase->runTest()
#23 phar:///usr/local/bin/phpunit/phpunit/Framework/TestResult.php(609): PHPUnit_Framework_TestCase->runBare()
#24 phar:///usr/local/bin/phpunit/phpunit/Framework/TestCase.php(699): PHPUnit_Framework_TestResult->run(Object(ExampleTest))
#25 phar:///usr/local/bin/phpunit/phpunit/Framework/TestSuite.php(722): PHPUnit_Framework_TestCase->run(Object(PHPUnit_Framework_TestResult))
#26 phar:///usr/local/bin/phpunit/phpunit/Framework/TestSuite.php(722): PHPUnit_Framework_TestSuite->run(Object(PHPUnit_Framework_TestResult))
#27 phar:///usr/local/bin/phpunit/phpunit/TextUI/TestRunner.php(406): PHPUnit_Framework_TestSuite->run(Object(PHPUnit_Framework_TestResult))
#28 phar:///usr/local/bin/phpunit/phpunit/TextUI/Command.php(153): PHPUnit_TextUI_TestRunner->doRun(Object(PHPUnit_Framework_TestSuite), Array)
#29 phar:///usr/local/bin/phpunit/phpunit/TextUI/Command.php(105): PHPUnit_TextUI_Command->run(Array, true)
#30 /usr/local/bin/phpunit(537): PHPUnit_TextUI_Command::main()
#31 {main}  
[2015-09-01 02:19:33] testing.ERROR: exception 'RuntimeException' with message 'No supported encrypter found. The cipher and / or key length are invalid.' in /code/webroot/vendor/laravel/framework/src/Illuminate/Encryption/EncryptionServiceProvider.php:29
Stack trace:
#0 /code/webroot/vendor/laravel/framework/src/Illuminate/Container/Container.php(733): Illuminate\Encryption\EncryptionServiceProvider->Illuminate\Encryption\{closure}(Object(Illuminate\Foundation\Application), Array)
#1 /code/webroot/vendor/laravel/framework/src/Illuminate/Container/Container.php(626): Illuminate\Container\Container->build(Object(Closure), Array)
#2 /code/webroot/vendor/laravel/framework/src/Illuminate/Foundation/Application.php(674): Illuminate\Container\Container->make('encrypter', Array)
#3 /code/webroot/vendor/laravel/framework/src/Illuminate/Container/Container.php(837): Illuminate\Foundation\Application->make('Illuminate\\Cont...')
#4 /code/webroot/vendor/laravel/framework/src/Illuminate/Container/Container.php(800): Illuminate\Container\Container->resolveClass(Object(ReflectionParameter))
#5 /code/webroot/vendor/laravel/framework/src/Illuminate/Container/Container.php(771): Illuminate\Container\Container->getDependencies(Array, Array)
#6 /code/webroot/vendor/laravel/framework/src/Illuminate/Container/Container.php(626): Illuminate\Container\Container->build('App\\Http\\Middle...', Array)
#7 /code/webroot/vendor/laravel/framework/src/Illuminate/Foundation/Application.php(674): Illuminate\Container\Container->make('App\\Http\\Middle...', Array)
#8 /code/webroot/vendor/laravel/framework/src/Illuminate/Pipeline/Pipeline.php(123): Illuminate\Foundation\Application->make('App\\Http\\Middle...')
#9 /code/webroot/vendor/laravel/framework/src/Illuminate/Foundation/Http/Middleware/CheckForMaintenanceMode.php(42): Illuminate\Pipeline\Pipeline->Illuminate\Pipeline\{closure}(Object(Illuminate\Http\Request))
#10 [internal function]: Illuminate\Foundation\Http\Middleware\CheckForMaintenanceMode->handle(Object(Illuminate\Http\Request), Object(Closure))
#11 /code/webroot/vendor/laravel/framework/src/Illuminate/Pipeline/Pipeline.php(124): call_user_func_array(Array, Array)
#12 [internal function]: Illuminate\Pipeline\Pipeline->Illuminate\Pipeline\{closure}(Object(Illuminate\Http\Request))
#13 /code/webroot/vendor/laravel/framework/src/Illuminate/Pipeline/Pipeline.php(103): call_user_func(Object(Closure), Object(Illuminate\Http\Request))
#14 /code/webroot/vendor/laravel/framework/src/Illuminate/Foundation/Http/Kernel.php(122): Illuminate\Pipeline\Pipeline->then(Object(Closure))
#15 /code/webroot/vendor/laravel/framework/src/Illuminate/Foundation/Http/Kernel.php(87): Illuminate\Foundation\Http\Kernel->sendRequestThroughRouter(Object(Illuminate\Http\Request))
#16 /code/webroot/vendor/laravel/framework/src/Illuminate/Foundation/Testing/CrawlerTrait.php(777): Illuminate\Foundation\Http\Kernel->handle(Object(Illuminate\Http\Request))
#17 /code/webroot/vendor/laravel/framework/src/Illuminate/Foundation/Testing/CrawlerTrait.php(175): Illuminate\Foundation\Testing\TestCase->call('GET', 'http://localhos...', Array, Array, Array)
#18 /code/webroot/vendor/laravel/framework/src/Illuminate/Foundation/Testing/CrawlerTrait.php(59): Illuminate\Foundation\Testing\TestCase->makeRequest('GET', '/')
#19 /code/webroot/tests/ExampleTest.php(16): Illuminate\Foundation\Testing\TestCase->visit('/')
#20 [internal function]: ExampleTest->testBasicExample()
#21 phar:///usr/local/bin/phpunit/phar/phpunit/Framework/TestCase.php(881): ReflectionMethod->invokeArgs(Object(ExampleTest), Array)
#22 phar:///usr/local/bin/phpunit/phar/phpunit/Framework/TestCase.php(746): PHPUnit_Framework_TestCase->runTest()
#23 phar:///usr/local/bin/phpunit/phar/phpunit/Framework/TestResult.php(601): PHPUnit_Framework_TestCase->runBare()
#24 phar:///usr/local/bin/phpunit/phar/phpunit/Framework/TestCase.php(702): PHPUnit_Framework_TestResult->run(Object(ExampleTest))
#25 phar:///usr/local/bin/phpunit/phar/phpunit/Framework/TestSuite.php(735): PHPUnit_Framework_TestCase->run(Object(PHPUnit_Framework_TestResult))
#26 phar:///usr/local/bin/phpunit/phar/phpunit/Framework/TestSuite.php(735): PHPUnit_Framework_TestSuite->run(Object(PHPUnit_Framework_TestResult))
#27 phar:///usr/local/bin/phpunit/phar/phpunit/TextUI/TestRunner.php(432): PHPUnit_Framework_TestSuite->run(Object(PHPUnit_Framework_TestResult))
#28 phar:///usr/local/bin/phpunit/phar/phpunit/TextUI/Command.php(148): PHPUnit_TextUI_TestRunner->doRun(Object(PHPUnit_Framework_TestSuite), Array)
#29 phar:///usr/local/bin/phpunit/phar/phpunit/TextUI/Command.php(100): PHPUnit_TextUI_Command->run(Array, true)
#30 /usr/local/bin/phpunit(547): PHPUnit_TextUI_Command::main()
#31 {main}  
[2015-09-01 02:20:35] testing.ERROR: exception 'RuntimeException' with message 'No supported encrypter found. The cipher and / or key length are invalid.' in /code/webroot/vendor/laravel/framework/src/Illuminate/Encryption/EncryptionServiceProvider.php:29
Stack trace:
#0 /code/webroot/vendor/laravel/framework/src/Illuminate/Container/Container.php(733): Illuminate\Encryption\EncryptionServiceProvider->Illuminate\Encryption\{closure}(Object(Illuminate\Foundation\Application), Array)
#1 /code/webroot/vendor/laravel/framework/src/Illuminate/Container/Container.php(626): Illuminate\Container\Container->build(Object(Closure), Array)
#2 /code/webroot/vendor/laravel/framework/src/Illuminate/Foundation/Application.php(674): Illuminate\Container\Container->make('encrypter', Array)
#3 /code/webroot/vendor/laravel/framework/src/Illuminate/Container/Container.php(837): Illuminate\Foundation\Application->make('Illuminate\\Cont...')
#4 /code/webroot/vendor/laravel/framework/src/Illuminate/Container/Container.php(800): Illuminate\Container\Container->resolveClass(Object(ReflectionParameter))
#5 /code/webroot/vendor/laravel/framework/src/Illuminate/Container/Container.php(771): Illuminate\Container\Container->getDependencies(Array, Array)
#6 /code/webroot/vendor/laravel/framework/src/Illuminate/Container/Container.php(626): Illuminate\Container\Container->build('App\\Http\\Middle...', Array)
#7 /code/webroot/vendor/laravel/framework/src/Illuminate/Foundation/Application.php(674): Illuminate\Container\Container->make('App\\Http\\Middle...', Array)
#8 /code/webroot/vendor/laravel/framework/src/Illuminate/Pipeline/Pipeline.php(123): Illuminate\Foundation\Application->make('App\\Http\\Middle...')
#9 /code/webroot/vendor/laravel/framework/src/Illuminate/Foundation/Http/Middleware/CheckForMaintenanceMode.php(42): Illuminate\Pipeline\Pipeline->Illuminate\Pipeline\{closure}(Object(Illuminate\Http\Request))
#10 [internal function]: Illuminate\Foundation\Http\Middleware\CheckForMaintenanceMode->handle(Object(Illuminate\Http\Request), Object(Closure))
#11 /code/webroot/vendor/laravel/framework/src/Illuminate/Pipeline/Pipeline.php(124): call_user_func_array(Array, Array)
#12 [internal function]: Illuminate\Pipeline\Pipeline->Illuminate\Pipeline\{closure}(Object(Illuminate\Http\Request))
#13 /code/webroot/vendor/laravel/framework/src/Illuminate/Pipeline/Pipeline.php(103): call_user_func(Object(Closure), Object(Illuminate\Http\Request))
#14 /code/webroot/vendor/laravel/framework/src/Illuminate/Foundation/Http/Kernel.php(122): Illuminate\Pipeline\Pipeline->then(Object(Closure))
#15 /code/webroot/vendor/laravel/framework/src/Illuminate/Foundation/Http/Kernel.php(87): Illuminate\Foundation\Http\Kernel->sendRequestThroughRouter(Object(Illuminate\Http\Request))
#16 /code/webroot/vendor/laravel/framework/src/Illuminate/Foundation/Testing/CrawlerTrait.php(777): Illuminate\Foundation\Http\Kernel->handle(Object(Illuminate\Http\Request))
#17 /code/webroot/vendor/laravel/framework/src/Illuminate/Foundation/Testing/CrawlerTrait.php(175): Illuminate\Foundation\Testing\TestCase->call('GET', 'http://localhos...', Array, Array, Array)
#18 /code/webroot/vendor/laravel/framework/src/Illuminate/Foundation/Testing/CrawlerTrait.php(59): Illuminate\Foundation\Testing\TestCase->makeRequest('GET', '/')
#19 /code/webroot/tests/ExampleTest.php(16): Illuminate\Foundation\Testing\TestCase->visit('/')
#20 [internal function]: ExampleTest->testBasicExample()
#21 phar:///usr/local/bin/phpunit/phar/phpunit/Framework/TestCase.php(881): ReflectionMethod->invokeArgs(Object(ExampleTest), Array)
#22 phar:///usr/local/bin/phpunit/phar/phpunit/Framework/TestCase.php(746): PHPUnit_Framework_TestCase->runTest()
#23 phar:///usr/local/bin/phpunit/phar/phpunit/Framework/TestResult.php(601): PHPUnit_Framework_TestCase->runBare()
#24 phar:///usr/local/bin/phpunit/phar/phpunit/Framework/TestCase.php(702): PHPUnit_Framework_TestResult->run(Object(ExampleTest))
#25 phar:///usr/local/bin/phpunit/phar/phpunit/Framework/TestSuite.php(735): PHPUnit_Framework_TestCase->run(Object(PHPUnit_Framework_TestResult))
#26 phar:///usr/local/bin/phpunit/phar/phpunit/Framework/TestSuite.php(735): PHPUnit_Framework_TestSuite->run(Object(PHPUnit_Framework_TestResult))
#27 phar:///usr/local/bin/phpunit/phar/phpunit/TextUI/TestRunner.php(432): PHPUnit_Framework_TestSuite->run(Object(PHPUnit_Framework_TestResult))
#28 phar:///usr/local/bin/phpunit/phar/phpunit/TextUI/Command.php(148): PHPUnit_TextUI_TestRunner->doRun(Object(PHPUnit_Framework_TestSuite), Array)
#29 phar:///usr/local/bin/phpunit/phar/phpunit/TextUI/Command.php(100): PHPUnit_TextUI_Command->run(Array, true)
#30 /usr/local/bin/phpunit(547): PHPUnit_TextUI_Command::main()
#31 {main}  
[2015-09-01 02:22:02] testing.ERROR: exception 'RuntimeException' with message 'No supported encrypter found. The cipher and / or key length are invalid.' in /code/webroot/vendor/laravel/framework/src/Illuminate/Encryption/EncryptionServiceProvider.php:29
Stack trace:
#0 /code/webroot/vendor/laravel/framework/src/Illuminate/Container/Container.php(733): Illuminate\Encryption\EncryptionServiceProvider->Illuminate\Encryption\{closure}(Object(Illuminate\Foundation\Application), Array)
#1 /code/webroot/vendor/laravel/framework/src/Illuminate/Container/Container.php(626): Illuminate\Container\Container->build(Object(Closure), Array)
#2 /code/webroot/vendor/laravel/framework/src/Illuminate/Foundation/Application.php(674): Illuminate\Container\Container->make('encrypter', Array)
#3 /code/webroot/vendor/laravel/framework/src/Illuminate/Container/Container.php(837): Illuminate\Foundation\Application->make('Illuminate\\Cont...')
#4 /code/webroot/vendor/laravel/framework/src/Illuminate/Container/Container.php(800): Illuminate\Container\Container->resolveClass(Object(ReflectionParameter))
#5 /code/webroot/vendor/laravel/framework/src/Illuminate/Container/Container.php(771): Illuminate\Container\Container->getDependencies(Array, Array)
#6 /code/webroot/vendor/laravel/framework/src/Illuminate/Container/Container.php(626): Illuminate\Container\Container->build('App\\Http\\Middle...', Array)
#7 /code/webroot/vendor/laravel/framework/src/Illuminate/Foundation/Application.php(674): Illuminate\Container\Container->make('App\\Http\\Middle...', Array)
#8 /code/webroot/vendor/laravel/framework/src/Illuminate/Pipeline/Pipeline.php(123): Illuminate\Foundation\Application->make('App\\Http\\Middle...')
#9 /code/webroot/vendor/laravel/framework/src/Illuminate/Foundation/Http/Middleware/CheckForMaintenanceMode.php(42): Illuminate\Pipeline\Pipeline->Illuminate\Pipeline\{closure}(Object(Illuminate\Http\Request))
#10 [internal function]: Illuminate\Foundation\Http\Middleware\CheckForMaintenanceMode->handle(Object(Illuminate\Http\Request), Object(Closure))
#11 /code/webroot/vendor/laravel/framework/src/Illuminate/Pipeline/Pipeline.php(124): call_user_func_array(Array, Array)
#12 [internal function]: Illuminate\Pipeline\Pipeline->Illuminate\Pipeline\{closure}(Object(Illuminate\Http\Request))
#13 /code/webroot/vendor/laravel/framework/src/Illuminate/Pipeline/Pipeline.php(103): call_user_func(Object(Closure), Object(Illuminate\Http\Request))
#14 /code/webroot/vendor/laravel/framework/src/Illuminate/Foundation/Http/Kernel.php(122): Illuminate\Pipeline\Pipeline->then(Object(Closure))
#15 /code/webroot/vendor/laravel/framework/src/Illuminate/Foundation/Http/Kernel.php(87): Illuminate\Foundation\Http\Kernel->sendRequestThroughRouter(Object(Illuminate\Http\Request))
#16 /code/webroot/vendor/laravel/framework/src/Illuminate/Foundation/Testing/CrawlerTrait.php(777): Illuminate\Foundation\Http\Kernel->handle(Object(Illuminate\Http\Request))
#17 /code/webroot/vendor/laravel/framework/src/Illuminate/Foundation/Testing/CrawlerTrait.php(175): Illuminate\Foundation\Testing\TestCase->call('GET', 'http://localhos...', Array, Array, Array)
#18 /code/webroot/vendor/laravel/framework/src/Illuminate/Foundation/Testing/CrawlerTrait.php(59): Illuminate\Foundation\Testing\TestCase->makeRequest('GET', '/')
#19 /code/webroot/tests/ExampleTest.php(16): Illuminate\Foundation\Testing\TestCase->visit('/')
#20 [internal function]: ExampleTest->testBasicExample()
#21 phar:///usr/local/bin/phpunit/phar/phpunit/Framework/TestCase.php(881): ReflectionMethod->invokeArgs(Object(ExampleTest), Array)
#22 phar:///usr/local/bin/phpunit/phar/phpunit/Framework/TestCase.php(746): PHPUnit_Framework_TestCase->runTest()
#23 phar:///usr/local/bin/phpunit/phar/phpunit/Framework/TestResult.php(601): PHPUnit_Framework_TestCase->runBare()
#24 phar:///usr/local/bin/phpunit/phar/phpunit/Framework/TestCase.php(702): PHPUnit_Framework_TestResult->run(Object(ExampleTest))
#25 phar:///usr/local/bin/phpunit/phar/phpunit/Framework/TestSuite.php(735): PHPUnit_Framework_TestCase->run(Object(PHPUnit_Framework_TestResult))
#26 phar:///usr/local/bin/phpunit/phar/phpunit/Framework/TestSuite.php(735): PHPUnit_Framework_TestSuite->run(Object(PHPUnit_Framework_TestResult))
#27 phar:///usr/local/bin/phpunit/phar/phpunit/TextUI/TestRunner.php(432): PHPUnit_Framework_TestSuite->run(Object(PHPUnit_Framework_TestResult))
#28 phar:///usr/local/bin/phpunit/phar/phpunit/TextUI/Command.php(148): PHPUnit_TextUI_TestRunner->doRun(Object(PHPUnit_Framework_TestSuite), Array)
#29 phar:///usr/local/bin/phpunit/phar/phpunit/TextUI/Command.php(100): PHPUnit_TextUI_Command->run(Array, true)
#30 /usr/local/bin/phpunit(547): PHPUnit_TextUI_Command::main()
#31 {main}  
[2015-09-01 02:25:11] testing.ERROR: exception 'RuntimeException' with message 'No supported encrypter found. The cipher and / or key length are invalid.' in /code/webroot/vendor/laravel/framework/src/Illuminate/Encryption/EncryptionServiceProvider.php:29
Stack trace:
#0 /code/webroot/vendor/laravel/framework/src/Illuminate/Container/Container.php(733): Illuminate\Encryption\EncryptionServiceProvider->Illuminate\Encryption\{closure}(Object(Illuminate\Foundation\Application), Array)
#1 /code/webroot/vendor/laravel/framework/src/Illuminate/Container/Container.php(626): Illuminate\Container\Container->build(Object(Closure), Array)
#2 /code/webroot/vendor/laravel/framework/src/Illuminate/Foundation/Application.php(674): Illuminate\Container\Container->make('encrypter', Array)
#3 /code/webroot/vendor/laravel/framework/src/Illuminate/Container/Container.php(837): Illuminate\Foundation\Application->make('Illuminate\\Cont...')
#4 /code/webroot/vendor/laravel/framework/src/Illuminate/Container/Container.php(800): Illuminate\Container\Container->resolveClass(Object(ReflectionParameter))
#5 /code/webroot/vendor/laravel/framework/src/Illuminate/Container/Container.php(771): Illuminate\Container\Container->getDependencies(Array, Array)
#6 /code/webroot/vendor/laravel/framework/src/Illuminate/Container/Container.php(626): Illuminate\Container\Container->build('App\\Http\\Middle...', Array)
#7 /code/webroot/vendor/laravel/framework/src/Illuminate/Foundation/Application.php(674): Illuminate\Container\Container->make('App\\Http\\Middle...', Array)
#8 /code/webroot/vendor/laravel/framework/src/Illuminate/Pipeline/Pipeline.php(123): Illuminate\Foundation\Application->make('App\\Http\\Middle...')
#9 /code/webroot/vendor/laravel/framework/src/Illuminate/Foundation/Http/Middleware/CheckForMaintenanceMode.php(42): Illuminate\Pipeline\Pipeline->Illuminate\Pipeline\{closure}(Object(Illuminate\Http\Request))
#10 [internal function]: Illuminate\Foundation\Http\Middleware\CheckForMaintenanceMode->handle(Object(Illuminate\Http\Request), Object(Closure))
#11 /code/webroot/vendor/laravel/framework/src/Illuminate/Pipeline/Pipeline.php(124): call_user_func_array(Array, Array)
#12 [internal function]: Illuminate\Pipeline\Pipeline->Illuminate\Pipeline\{closure}(Object(Illuminate\Http\Request))
#13 /code/webroot/vendor/laravel/framework/src/Illuminate/Pipeline/Pipeline.php(103): call_user_func(Object(Closure), Object(Illuminate\Http\Request))
#14 /code/webroot/vendor/laravel/framework/src/Illuminate/Foundation/Http/Kernel.php(122): Illuminate\Pipeline\Pipeline->then(Object(Closure))
#15 /code/webroot/vendor/laravel/framework/src/Illuminate/Foundation/Http/Kernel.php(87): Illuminate\Foundation\Http\Kernel->sendRequestThroughRouter(Object(Illuminate\Http\Request))
#16 /code/webroot/vendor/laravel/framework/src/Illuminate/Foundation/Testing/CrawlerTrait.php(777): Illuminate\Foundation\Http\Kernel->handle(Object(Illuminate\Http\Request))
#17 /code/webroot/vendor/laravel/framework/src/Illuminate/Foundation/Testing/CrawlerTrait.php(175): Illuminate\Foundation\Testing\TestCase->call('GET', 'http://localhos...', Array, Array, Array)
#18 /code/webroot/vendor/laravel/framework/src/Illuminate/Foundation/Testing/CrawlerTrait.php(59): Illuminate\Foundation\Testing\TestCase->makeRequest('GET', '/')
#19 /code/webroot/tests/ExampleTest.php(16): Illuminate\Foundation\Testing\TestCase->visit('/')
#20 [internal function]: ExampleTest->testBasicExample()
#21 phar:///usr/local/bin/phpunit/phar/phpunit/Framework/TestCase.php(881): ReflectionMethod->invokeArgs(Object(ExampleTest), Array)
#22 phar:///usr/local/bin/phpunit/phar/phpunit/Framework/TestCase.php(746): PHPUnit_Framework_TestCase->runTest()
#23 phar:///usr/local/bin/phpunit/phar/phpunit/Framework/TestResult.php(601): PHPUnit_Framework_TestCase->runBare()
#24 phar:///usr/local/bin/phpunit/phar/phpunit/Framework/TestCase.php(702): PHPUnit_Framework_TestResult->run(Object(ExampleTest))
#25 phar:///usr/local/bin/phpunit/phar/phpunit/Framework/TestSuite.php(735): PHPUnit_Framework_TestCase->run(Object(PHPUnit_Framework_TestResult))
#26 phar:///usr/local/bin/phpunit/phar/phpunit/Framework/TestSuite.php(735): PHPUnit_Framework_TestSuite->run(Object(PHPUnit_Framework_TestResult))
#27 phar:///usr/local/bin/phpunit/phar/phpunit/TextUI/TestRunner.php(432): PHPUnit_Framework_TestSuite->run(Object(PHPUnit_Framework_TestResult))
#28 phar:///usr/local/bin/phpunit/phar/phpunit/TextUI/Command.php(148): PHPUnit_TextUI_TestRunner->doRun(Object(PHPUnit_Framework_TestSuite), Array)
#29 phar:///usr/local/bin/phpunit/phar/phpunit/TextUI/Command.php(100): PHPUnit_TextUI_Command->run(Array, true)
#30 /usr/local/bin/phpunit(547): PHPUnit_TextUI_Command::main()
#31 {main}  
[2015-09-01 02:27:49] testing.ERROR: exception 'RuntimeException' with message 'No supported encrypter found. The cipher and / or key length are invalid.' in /code/webroot/vendor/laravel/framework/src/Illuminate/Encryption/EncryptionServiceProvider.php:29
Stack trace:
#0 /code/webroot/vendor/laravel/framework/src/Illuminate/Container/Container.php(733): Illuminate\Encryption\EncryptionServiceProvider->Illuminate\Encryption\{closure}(Object(Illuminate\Foundation\Application), Array)
#1 /code/webroot/vendor/laravel/framework/src/Illuminate/Container/Container.php(626): Illuminate\Container\Container->build(Object(Closure), Array)
#2 /code/webroot/vendor/laravel/framework/src/Illuminate/Foundation/Application.php(674): Illuminate\Container\Container->make('encrypter', Array)
#3 /code/webroot/vendor/laravel/framework/src/Illuminate/Container/Container.php(837): Illuminate\Foundation\Application->make('Illuminate\\Cont...')
#4 /code/webroot/vendor/laravel/framework/src/Illuminate/Container/Container.php(800): Illuminate\Container\Container->resolveClass(Object(ReflectionParameter))
#5 /code/webroot/vendor/laravel/framework/src/Illuminate/Container/Container.php(771): Illuminate\Container\Container->getDependencies(Array, Array)
#6 /code/webroot/vendor/laravel/framework/src/Illuminate/Container/Container.php(626): Illuminate\Container\Container->build('App\\Http\\Middle...', Array)
#7 /code/webroot/vendor/laravel/framework/src/Illuminate/Foundation/Application.php(674): Illuminate\Container\Container->make('App\\Http\\Middle...', Array)
#8 /code/webroot/vendor/laravel/framework/src/Illuminate/Pipeline/Pipeline.php(123): Illuminate\Foundation\Application->make('App\\Http\\Middle...')
#9 /code/webroot/vendor/laravel/framework/src/Illuminate/Foundation/Http/Middleware/CheckForMaintenanceMode.php(42): Illuminate\Pipeline\Pipeline->Illuminate\Pipeline\{closure}(Object(Illuminate\Http\Request))
#10 [internal function]: Illuminate\Foundation\Http\Middleware\CheckForMaintenanceMode->handle(Object(Illuminate\Http\Request), Object(Closure))
#11 /code/webroot/vendor/laravel/framework/src/Illuminate/Pipeline/Pipeline.php(124): call_user_func_array(Array, Array)
#12 [internal function]: Illuminate\Pipeline\Pipeline->Illuminate\Pipeline\{closure}(Object(Illuminate\Http\Request))
#13 /code/webroot/vendor/laravel/framework/src/Illuminate/Pipeline/Pipeline.php(103): call_user_func(Object(Closure), Object(Illuminate\Http\Request))
#14 /code/webroot/vendor/laravel/framework/src/Illuminate/Foundation/Http/Kernel.php(122): Illuminate\Pipeline\Pipeline->then(Object(Closure))
#15 /code/webroot/vendor/laravel/framework/src/Illuminate/Foundation/Http/Kernel.php(87): Illuminate\Foundation\Http\Kernel->sendRequestThroughRouter(Object(Illuminate\Http\Request))
#16 /code/webroot/vendor/laravel/framework/src/Illuminate/Foundation/Testing/CrawlerTrait.php(777): Illuminate\Foundation\Http\Kernel->handle(Object(Illuminate\Http\Request))
#17 /code/webroot/vendor/laravel/framework/src/Illuminate/Foundation/Testing/CrawlerTrait.php(175): Illuminate\Foundation\Testing\TestCase->call('GET', 'http://localhos...', Array, Array, Array)
#18 /code/webroot/vendor/laravel/framework/src/Illuminate/Foundation/Testing/CrawlerTrait.php(59): Illuminate\Foundation\Testing\TestCase->makeRequest('GET', '/')
#19 /code/webroot/tests/ExampleTest.php(16): Illuminate\Foundation\Testing\TestCase->visit('/')
#20 [internal function]: ExampleTest->testBasicExample()
#21 phar:///usr/local/bin/phpunit/phar/phpunit/Framework/TestCase.php(881): ReflectionMethod->invokeArgs(Object(ExampleTest), Array)
#22 phar:///usr/local/bin/phpunit/phar/phpunit/Framework/TestCase.php(746): PHPUnit_Framework_TestCase->runTest()
#23 phar:///usr/local/bin/phpunit/phar/phpunit/Framework/TestResult.php(601): PHPUnit_Framework_TestCase->runBare()
#24 phar:///usr/local/bin/phpunit/phar/phpunit/Framework/TestCase.php(702): PHPUnit_Framework_TestResult->run(Object(ExampleTest))
#25 phar:///usr/local/bin/phpunit/phar/phpunit/Framework/TestSuite.php(735): PHPUnit_Framework_TestCase->run(Object(PHPUnit_Framework_TestResult))
#26 phar:///usr/local/bin/phpunit/phar/phpunit/Framework/TestSuite.php(735): PHPUnit_Framework_TestSuite->run(Object(PHPUnit_Framework_TestResult))
#27 phar:///usr/local/bin/phpunit/phar/phpunit/TextUI/TestRunner.php(432): PHPUnit_Framework_TestSuite->run(Object(PHPUnit_Framework_TestResult))
#28 phar:///usr/local/bin/phpunit/phar/phpunit/TextUI/Command.php(148): PHPUnit_TextUI_TestRunner->doRun(Object(PHPUnit_Framework_TestSuite), Array)
#29 phar:///usr/local/bin/phpunit/phar/phpunit/TextUI/Command.php(100): PHPUnit_TextUI_Command->run(Array, true)
#30 /usr/local/bin/phpunit(547): PHPUnit_TextUI_Command::main()
#31 {main}  
